Elevator with 100 floors was created!
Elevator arrives on floor 2
Person 1 wants to go from floor 15 to 33
Elevator arrives on floor 3
Elevator arrives on floor 4
Elevator arrives on floor 5
Elevator arrives on floor 6
Elevator arrives on floor 7
Elevator arrives on floor 8
Elevator arrives on floor 9
Elevator arrives on floor 10
Elevator arrives on floor 11
Elevator arrives on floor 12
Elevator arrives on floor 13
Elevator arrives on floor 14
Elevator arrives on floor 15
Person 1 got into the elevator.
Elevator arrives on floor 16
Elevator arrives on floor 17
Elevator arrives on floor 18
Elevator arrives on floor 19
Elevator arrives on floor 20
Elevator arrives on floor 21
Elevator arrives on floor 22
Elevator arrives on floor 23
Elevator arrives on floor 24
Elevator arrives on floor 25
Elevator arrives on floor 26
Person 2 wants to go from floor 31 to 74
Elevator arrives on floor 27
Elevator arrives on floor 28
Elevator arrives on floor 29
Elevator arrives on floor 30
Elevator arrives on floor 31
Person 2 got into the elevator.
Elevator arrives on floor 32
Elevator arrives on floor 33
Person 1 got out of the elevator.
Elevator arrives on floor 34
Elevator arrives on floor 35
Elevator arrives on floor 36
Elevator arrives on floor 37
Elevator arrives on floor 38
Elevator arrives on floor 39
Elevator arrives on floor 40
Elevator arrives on floor 41
Elevator arrives on floor 42
Elevator arrives on floor 43
Elevator arrives on floor 44
Elevator arrives on floor 45
Elevator arrives on floor 46
Elevator arrives on floor 47
Elevator arrives on floor 48
Elevator arrives on floor 49
Elevator arrives on floor 50
Elevator arrives on floor 51
Person 3 wants to go from floor 49 to 23
Elevator arrives on floor 52
Elevator arrives on floor 51
Elevator arrives on floor 50
Elevator arrives on floor 49
Person 3 got into the elevator.
Elevator arrives on floor 50
Elevator arrives on floor 51
Elevator arrives on floor 52
Elevator arrives on floor 53
Elevator arrives on floor 54
Elevator arrives on floor 55
Elevator arrives on floor 56
Elevator arrives on floor 57
Elevator arrives on floor 58
Elevator arrives on floor 59
Elevator arrives on floor 60
Elevator arrives on floor 61
Elevator arrives on floor 62
Elevator arrives on floor 63
Elevator arrives on floor 64
Elevator arrives on floor 65
Elevator arrives on floor 66
Elevator arrives on floor 67
Elevator arrives on floor 68
Elevator arrives on floor 69
Elevator arrives on floor 70
Person 4 wants to go from floor 65 to 41
Elevator arrives on floor 71
Elevator arrives on floor 72
Elevator arrives on floor 73
Elevator arrives on floor 74
Person 2 got out of the elevator.
Elevator arrives on floor 73
Elevator arrives on floor 72
Elevator arrives on floor 71
Elevator arrives on floor 70
Elevator arrives on floor 69
Elevator arrives on floor 68
Elevator arrives on floor 67
Elevator arrives on floor 66
Elevator arrives on floor 65
Person 4 got into the elevator.
Elevator arrives on floor 64
Elevator arrives on floor 63
Elevator arrives on floor 62
Elevator arrives on floor 61
Elevator arrives on floor 60
Elevator arrives on floor 59
Elevator arrives on floor 58
Elevator arrives on floor 57
Elevator arrives on floor 56
Elevator arrives on floor 55
Elevator arrives on floor 54
Elevator arrives on floor 53
Elevator arrives on floor 52
Person 5 wants to go from floor 8 to 30
Elevator arrives on floor 51
Elevator arrives on floor 50
Elevator arrives on floor 49
Elevator arrives on floor 48
Elevator arrives on floor 47
Elevator arrives on floor 46
Elevator arrives on floor 45
Elevator arrives on floor 44
Elevator arrives on floor 43
Elevator arrives on floor 42
Elevator arrives on floor 41
Elevator arrives on floor 40
Elevator arrives on floor 39
Elevator arrives on floor 38
Elevator arrives on floor 37
Elevator arrives on floor 36
Elevator arrives on floor 35
Elevator arrives on floor 34
Elevator arrives on floor 33
Elevator arrives on floor 32
Elevator arrives on floor 31
Elevator arrives on floor 30
Elevator arrives on floor 29
Elevator arrives on floor 28
Person 6 wants to go from floor 42 to 67
Elevator arrives on floor 27
Elevator arrives on floor 26
Elevator arrives on floor 25
Elevator arrives on floor 24
Elevator arrives on floor 23
Person 3 got out of the elevator.
Elevator arrives on floor 22
Elevator arrives on floor 21
Elevator arrives on floor 20
Elevator arrives on floor 19
Elevator arrives on floor 18
Elevator arrives on floor 17
Elevator arrives on floor 16
Elevator arrives on floor 15
Elevator arrives on floor 14
Elevator arrives on floor 13
Elevator arrives on floor 12
Elevator arrives on floor 11
Elevator arrives on floor 10
Elevator arrives on floor 9
Elevator arrives on floor 8
Person 5 got into the elevator.
Elevator arrives on floor 9
Elevator arrives on floor 10
Elevator arrives on floor 11
Elevator arrives on floor 12
Elevator arrives on floor 13
Person 7 wants to go from floor 19 to 62
Elevator arrives on floor 14
Elevator arrives on floor 15
Elevator arrives on floor 16
Elevator arrives on floor 17
Elevator arrives on floor 18
Elevator arrives on floor 19
Elevator arrives on floor 20
Elevator arrives on floor 21
Elevator arrives on floor 22
Elevator arrives on floor 23
Elevator arrives on floor 24
Elevator arrives on floor 25
Elevator arrives on floor 26
Elevator arrives on floor 27
Elevator arrives on floor 28
Elevator arrives on floor 29
Elevator arrives on floor 30
Elevator arrives on floor 31
Elevator arrives on floor 32
Elevator arrives on floor 33
Elevator arrives on floor 34
Elevator arrives on floor 35
Elevator arrives on floor 36
Elevator arrives on floor 37
Elevator arrives on floor 38
Person 8 wants to go from floor 71 to 42
Elevator arrives on floor 39
Elevator arrives on floor 40
Elevator arrives on floor 41
Person 4 got out of the elevator.
Elevator arrives on floor 42
Person 6 got into the elevator.
Elevator arrives on floor 41
Elevator arrives on floor 40
Elevator arrives on floor 39
Elevator arrives on floor 38
Elevator arrives on floor 37
Elevator arrives on floor 36
Elevator arrives on floor 35
Elevator arrives on floor 34
Elevator arrives on floor 33
Elevator arrives on floor 32
Elevator arrives on floor 31
Elevator arrives on floor 30
Person 5 got out of the elevator.
Elevator arrives on floor 29
Elevator arrives on floor 28
Elevator arrives on floor 27
Elevator arrives on floor 26
Elevator arrives on floor 25
Elevator arrives on floor 24
Elevator arrives on floor 23
Elevator arrives on floor 22
Elevator arrives on floor 21
Person 9 wants to go from floor 60 to 85
Elevator arrives on floor 20
Elevator arrives on floor 19
Person 7 got into the elevator.
Elevator arrives on floor 20
Elevator arrives on floor 21
Elevator arrives on floor 22
Elevator arrives on floor 23
Elevator arrives on floor 24
Elevator arrives on floor 25
Elevator arrives on floor 26
Elevator arrives on floor 27
Elevator arrives on floor 28
Elevator arrives on floor 29
Elevator arrives on floor 30
Elevator arrives on floor 31
Elevator arrives on floor 32
Elevator arrives on floor 33
Elevator arrives on floor 34
Elevator arrives on floor 35
Elevator arrives on floor 36
Elevator arrives on floor 37
Elevator arrives on floor 38
Elevator arrives on floor 39
Elevator arrives on floor 40
Elevator arrives on floor 41
Elevator arrives on floor 42
Person 10 wants to go from floor 93 to 94
Elevator arrives on floor 43
Elevator arrives on floor 44
Elevator arrives on floor 45
Elevator arrives on floor 46
Elevator arrives on floor 47
Elevator arrives on floor 48
Elevator arrives on floor 49
Elevator arrives on floor 50
Elevator arrives on floor 51
Elevator arrives on floor 52
Elevator arrives on floor 53
Elevator arrives on floor 54
Elevator arrives on floor 55
Elevator arrives on floor 56
Elevator arrives on floor 57
Elevator arrives on floor 58
Elevator arrives on floor 59
Elevator arrives on floor 60
Person 9 got into the elevator.
Elevator arrives on floor 61
Elevator arrives on floor 62
Elevator arrives on floor 63
Elevator arrives on floor 64
Elevator arrives on floor 65
Elevator arrives on floor 66
Elevator arrives on floor 67
Person 6 got out of the elevator.
Person 11 wants to go from floor 48 to 15
Elevator arrives on floor 68
Elevator arrives on floor 69
Elevator arrives on floor 70
Elevator arrives on floor 71
Person 8 got into the elevator.
Elevator arrives on floor 70
Elevator arrives on floor 69
Elevator arrives on floor 68
Elevator arrives on floor 67
Elevator arrives on floor 66
Elevator arrives on floor 65
Elevator arrives on floor 64
Elevator arrives on floor 63
Elevator arrives on floor 62
Person 7 got out of the elevator.
Elevator arrives on floor 61
Elevator arrives on floor 60
Elevator arrives on floor 59
Elevator arrives on floor 58
Elevator arrives on floor 57
Elevator arrives on floor 56
Elevator arrives on floor 55
Elevator arrives on floor 54
Elevator arrives on floor 53
Elevator arrives on floor 52
Elevator arrives on floor 51
Elevator arrives on floor 50
Person 12 wants to go from floor 47 to 38
Elevator arrives on floor 49
Elevator arrives on floor 48
Elevator arrives on floor 47
Elevator arrives on floor 46
Elevator arrives on floor 45
Elevator arrives on floor 44
Elevator arrives on floor 43
Elevator arrives on floor 42
Person 8 got out of the elevator.
Elevator arrives on floor 43
Elevator arrives on floor 44
Elevator arrives on floor 45
Elevator arrives on floor 46
Elevator arrives on floor 47
Elevator arrives on floor 48
Elevator arrives on floor 49
Elevator arrives on floor 50
Elevator arrives on floor 51
Elevator arrives on floor 52
Elevator arrives on floor 53
Elevator arrives on floor 54
Elevator arrives on floor 55
Elevator arrives on floor 56
Elevator arrives on floor 57
Elevator arrives on floor 58
Elevator arrives on floor 59
Person 13 wants to go from floor 27 to 91
Elevator arrives on floor 60
Elevator arrives on floor 61
Elevator arrives on floor 62
Elevator arrives on floor 63
Elevator arrives on floor 64
Elevator arrives on floor 65
Elevator arrives on floor 66
Elevator arrives on floor 67
Elevator arrives on floor 68
Elevator arrives on floor 69
Elevator arrives on floor 70
Elevator arrives on floor 71
Elevator arrives on floor 72
Elevator arrives on floor 73
Elevator arrives on floor 74
Elevator arrives on floor 75
Elevator arrives on floor 76
Elevator arrives on floor 77
Elevator arrives on floor 78
Elevator arrives on floor 79
Elevator arrives on floor 80
Elevator arrives on floor 81
Elevator arrives on floor 82
Elevator arrives on floor 83
Elevator arrives on floor 84
Person 14 wants to go from floor 61 to 19
Elevator arrives on floor 85
Person 9 got out of the elevator.
Elevator arrives on floor 86
Elevator arrives on floor 87
Elevator arrives on floor 88
Elevator arrives on floor 89
Elevator arrives on floor 90
Elevator arrives on floor 91
Elevator arrives on floor 92
Elevator arrives on floor 93
Person 10 got into the elevator.
Elevator arrives on floor 94
Person 10 got out of the elevator.
Elevator arrives on floor 93
Elevator arrives on floor 92
Elevator arrives on floor 91
Elevator arrives on floor 90
Elevator arrives on floor 89
Elevator arrives on floor 88
Elevator arrives on floor 87
Elevator arrives on floor 86
Elevator arrives on floor 85
Elevator arrives on floor 84
Elevator arrives on floor 83
Elevator arrives on floor 82
Elevator arrives on floor 81
Elevator arrives on floor 80
Elevator arrives on floor 79
Person 15 wants to go from floor 17 to 89
Elevator arrives on floor 78
Elevator arrives on floor 77
Elevator arrives on floor 76
Elevator arrives on floor 75
Elevator arrives on floor 74
Elevator arrives on floor 73
Elevator arrives on floor 72
Elevator arrives on floor 71
Elevator arrives on floor 70
Elevator arrives on floor 69
Elevator arrives on floor 68
Elevator arrives on floor 67
Elevator arrives on floor 66
Elevator arrives on floor 65
Elevator arrives on floor 64
Elevator arrives on floor 63
Elevator arrives on floor 62
Elevator arrives on floor 61
Person 14 got into the elevator.
Elevator arrives on floor 60
Elevator arrives on floor 59
Elevator arrives on floor 58
Elevator arrives on floor 57
Elevator arrives on floor 56
Elevator arrives on floor 55
Elevator arrives on floor 54
Person 16 wants to go from floor 72 to 30
Elevator arrives on floor 53
Elevator arrives on floor 52
Elevator arrives on floor 51
Elevator arrives on floor 50
Elevator arrives on floor 49
Elevator arrives on floor 48
Person 11 got into the elevator.
Elevator arrives on floor 47
Person 12 got into the elevator.
Elevator arrives on floor 46
Elevator arrives on floor 45
Elevator arrives on floor 44
Elevator arrives on floor 43
Elevator arrives on floor 42
Elevator arrives on floor 41
Elevator arrives on floor 40
Elevator arrives on floor 39
Elevator arrives on floor 38
Elevator arrives on floor 37
Elevator arrives on floor 36
Elevator arrives on floor 35
Elevator arrives on floor 34
Elevator arrives on floor 33
Elevator arrives on floor 32
Elevator arrives on floor 31
Elevator arrives on floor 30
Elevator arrives on floor 29
Person 17 wants to go from floor 28 to 62
Elevator arrives on floor 28
Elevator arrives on floor 27
Person 13 got into the elevator.
Elevator arrives on floor 28
Person 17 got into the elevator.
Elevator arrives on floor 27
Elevator arrives on floor 26
Elevator arrives on floor 25
Elevator arrives on floor 24
Elevator arrives on floor 23
Elevator arrives on floor 22
Elevator arrives on floor 21
Elevator arrives on floor 20
Elevator arrives on floor 19
Person 14 got out of the elevator.
Elevator arrives on floor 18
Elevator arrives on floor 17
Person 15 got into the elevator.
Elevator arrives on floor 16
Elevator arrives on floor 15
Person 11 got out of the elevator.
Elevator arrives on floor 16
Elevator arrives on floor 17
Elevator arrives on floor 18
Elevator arrives on floor 19
Elevator arrives on floor 20
Elevator arrives on floor 21
Elevator arrives on floor 22
Elevator arrives on floor 23
Elevator arrives on floor 24
Person 18 wants to go from floor 4 to 58
Elevator arrives on floor 25
Elevator arrives on floor 26
Elevator arrives on floor 27
Elevator arrives on floor 28
Elevator arrives on floor 29
Elevator arrives on floor 30
Elevator arrives on floor 31
Elevator arrives on floor 32
Elevator arrives on floor 33
Elevator arrives on floor 34
Elevator arrives on floor 35
Elevator arrives on floor 36
Elevator arrives on floor 37
Elevator arrives on floor 38
Person 12 got out of the elevator.
Elevator arrives on floor 39
Elevator arrives on floor 40
Elevator arrives on floor 41
Elevator arrives on floor 42
Elevator arrives on floor 43
Elevator arrives on floor 44
Elevator arrives on floor 45
Elevator arrives on floor 46
Elevator arrives on floor 47
Elevator arrives on floor 48
Elevator arrives on floor 49
Person 19 wants to go from floor 44 to 57
Elevator arrives on floor 50
Elevator arrives on floor 51
Elevator arrives on floor 52
Elevator arrives on floor 53
Elevator arrives on floor 54
Elevator arrives on floor 55
Elevator arrives on floor 56
Elevator arrives on floor 57
Elevator arrives on floor 58
Elevator arrives on floor 59
Elevator arrives on floor 60
Elevator arrives on floor 61
Elevator arrives on floor 62
Person 17 got out of the elevator.
Elevator arrives on floor 63
Elevator arrives on floor 64
Elevator arrives on floor 65
Elevator arrives on floor 66
Elevator arrives on floor 67
Elevator arrives on floor 68
Elevator arrives on floor 69
Elevator arrives on floor 70
Elevator arrives on floor 71
Elevator arrives on floor 72
Person 16 got into the elevator.
Elevator arrives on floor 73
Elevator arrives on floor 74
Person 20 wants to go from floor 24 to 73
Elevator arrives on floor 75
Elevator arrives on floor 76
Elevator arrives on floor 77
Elevator arrives on floor 78
Elevator arrives on floor 79
Elevator arrives on floor 80
Elevator arrives on floor 81
Elevator arrives on floor 82
Elevator arrives on floor 83
Elevator arrives on floor 84
Elevator arrives on floor 85
Elevator arrives on floor 86
Elevator arrives on floor 87
Elevator arrives on floor 88
Elevator arrives on floor 89
Person 15 got out of the elevator.
Elevator arrives on floor 90
Elevator arrives on floor 91
Person 13 got out of the elevator.
Elevator arrives on floor 90
Elevator arrives on floor 89
Elevator arrives on floor 88
Elevator arrives on floor 87
Elevator arrives on floor 86
Elevator arrives on floor 85
Elevator arrives on floor 84
Elevator arrives on floor 83
Person 21 wants to go from floor 32 to 87
Elevator arrives on floor 82
Elevator arrives on floor 81
Elevator arrives on floor 80
Elevator arrives on floor 79
Elevator arrives on floor 78
Elevator arrives on floor 77
Elevator arrives on floor 76
Elevator arrives on floor 75
Elevator arrives on floor 74
Elevator arrives on floor 73
Elevator arrives on floor 72
Elevator arrives on floor 71
Elevator arrives on floor 70
Elevator arrives on floor 69
Elevator arrives on floor 68
Elevator arrives on floor 67
Elevator arrives on floor 66
Elevator arrives on floor 65
Elevator arrives on floor 64
Elevator arrives on floor 63
Elevator arrives on floor 62
Elevator arrives on floor 61
Elevator arrives on floor 60
Elevator arrives on floor 59
Elevator arrives on floor 58
Person 22 wants to go from floor 15 to 43
Elevator arrives on floor 57
Elevator arrives on floor 56
Elevator arrives on floor 55
Elevator arrives on floor 54
Elevator arrives on floor 53
Elevator arrives on floor 52
Elevator arrives on floor 51
Elevator arrives on floor 50
Elevator arrives on floor 49
Elevator arrives on floor 48
Elevator arrives on floor 47
Elevator arrives on floor 46
Elevator arrives on floor 45
Elevator arrives on floor 44
Person 19 got into the elevator.
Elevator arrives on floor 43
Elevator arrives on floor 42
Elevator arrives on floor 41
Elevator arrives on floor 40
Elevator arrives on floor 39
Elevator arrives on floor 38
Elevator arrives on floor 37
Elevator arrives on floor 36
Elevator arrives on floor 35
Elevator arrives on floor 34
Elevator arrives on floor 33
Person 23 wants to go from floor 62 to 86
Elevator arrives on floor 32
Person 21 got into the elevator.
Elevator arrives on floor 31
Elevator arrives on floor 30
Person 16 got out of the elevator.
Elevator arrives on floor 29
Elevator arrives on floor 28
Elevator arrives on floor 27
Elevator arrives on floor 26
Elevator arrives on floor 25
Elevator arrives on floor 24
Person 20 got into the elevator.
Elevator arrives on floor 23
Elevator arrives on floor 22
Elevator arrives on floor 21
Elevator arrives on floor 20
Elevator arrives on floor 19
Elevator arrives on floor 18
Elevator arrives on floor 17
Elevator arrives on floor 16
Elevator arrives on floor 15
Person 22 got into the elevator.
Elevator arrives on floor 14
Elevator arrives on floor 13
Elevator arrives on floor 12
Elevator arrives on floor 11
Elevator arrives on floor 10
Elevator arrives on floor 9
Elevator arrives on floor 8
Person 24 wants to go from floor 76 to 50
Elevator arrives on floor 7
Elevator arrives on floor 6
Elevator arrives on floor 5
Elevator arrives on floor 4
Person 18 got into the elevator.
Elevator arrives on floor 5
Elevator arrives on floor 6
Elevator arrives on floor 7
Elevator arrives on floor 8
Elevator arrives on floor 9
Elevator arrives on floor 10
Elevator arrives on floor 11
Elevator arrives on floor 12
Elevator arrives on floor 13
Elevator arrives on floor 14
Elevator arrives on floor 15
Elevator arrives on floor 16
Elevator arrives on floor 17
Elevator arrives on floor 18
Elevator arrives on floor 19
Elevator arrives on floor 20
Elevator arrives on floor 21
Elevator arrives on floor 22
Elevator arrives on floor 23
Elevator arrives on floor 24
Elevator arrives on floor 25
Person 25 wants to go from floor 12 to 17
Elevator arrives on floor 26
Elevator arrives on floor 27
Elevator arrives on floor 28
Elevator arrives on floor 29
Elevator arrives on floor 30
Elevator arrives on floor 31
Elevator arrives on floor 32
Elevator arrives on floor 33
Elevator arrives on floor 34
Elevator arrives on floor 35
Elevator arrives on floor 36
Elevator arrives on floor 37
Elevator arrives on floor 38
Elevator arrives on floor 39
Elevator arrives on floor 40
Elevator arrives on floor 41
Elevator arrives on floor 42
Elevator arrives on floor 43
Elevator arrives on floor 44
Elevator arrives on floor 45
Elevator arrives on floor 46
Elevator arrives on floor 47
Elevator arrives on floor 48
Elevator arrives on floor 49
Elevator arrives on floor 50
Person 26 wants to go from floor 71 to 92
Elevator arrives on floor 51
Elevator arrives on floor 52
Elevator arrives on floor 53
Elevator arrives on floor 54
Elevator arrives on floor 55
Elevator arrives on floor 56
Elevator arrives on floor 57
Person 19 got out of the elevator.
Elevator arrives on floor 58
Person 18 got out of the elevator.
Elevator arrives on floor 59
Elevator arrives on floor 60
Elevator arrives on floor 61
Elevator arrives on floor 62
Person 23 got into the elevator.
Elevator arrives on floor 63
Elevator arrives on floor 64
Elevator arrives on floor 65
Elevator arrives on floor 66
Elevator arrives on floor 67
Elevator arrives on floor 68
Elevator arrives on floor 69
Elevator arrives on floor 70
Elevator arrives on floor 71
Person 26 got into the elevator.
Elevator arrives on floor 72
Elevator arrives on floor 73
Person 20 got out of the elevator.
Elevator arrives on floor 74
Elevator arrives on floor 75
Person 27 wants to go from floor 99 to 67
Elevator arrives on floor 76
Person 24 got into the elevator.
Elevator arrives on floor 77
Elevator arrives on floor 78
Elevator arrives on floor 79
Elevator arrives on floor 80
Elevator arrives on floor 81
Elevator arrives on floor 82
Elevator arrives on floor 83
Elevator arrives on floor 84
Elevator arrives on floor 85
Elevator arrives on floor 86
Person 23 got out of the elevator.
Elevator arrives on floor 87
Person 21 got out of the elevator.
Elevator arrives on floor 88
Elevator arrives on floor 89
Elevator arrives on floor 90
Elevator arrives on floor 91
Elevator arrives on floor 92
Person 26 got out of the elevator.
Elevator arrives on floor 93
Elevator arrives on floor 94
Elevator arrives on floor 95
Elevator arrives on floor 96
Elevator arrives on floor 97
Elevator arrives on floor 98
Elevator arrives on floor 99
Person 27 got into the elevator.
Elevator arrives on floor 98
Person 28 wants to go from floor 73 to 71
Elevator arrives on floor 97
Elevator arrives on floor 96
Elevator arrives on floor 95
Elevator arrives on floor 94
Elevator arrives on floor 93
Elevator arrives on floor 92
Elevator arrives on floor 91
Elevator arrives on floor 90
Elevator arrives on floor 89
Elevator arrives on floor 88
Elevator arrives on floor 87
Elevator arrives on floor 86
Elevator arrives on floor 85
Elevator arrives on floor 84
Elevator arrives on floor 83
Elevator arrives on floor 82
Elevator arrives on floor 81
Elevator arrives on floor 80
Elevator arrives on floor 79
Elevator arrives on floor 78
Elevator arrives on floor 77
Elevator arrives on floor 76
Elevator arrives on floor 75
Elevator arrives on floor 74
Elevator arrives on floor 73
Person 29 wants to go from floor 79 to 78
Elevator arrives on floor 72
Elevator arrives on floor 71
Elevator arrives on floor 70
Elevator arrives on floor 69
Elevator arrives on floor 68
Elevator arrives on floor 67
Elevator arrives on floor 66
Elevator arrives on floor 65
Elevator arrives on floor 64
Elevator arrives on floor 63
Elevator arrives on floor 62
Elevator arrives on floor 61
Elevator arrives on floor 60
Elevator arrives on floor 59
Elevator arrives on floor 58
Elevator arrives on floor 57
Elevator arrives on floor 56
Elevator arrives on floor 55
Elevator arrives on floor 54
Elevator arrives on floor 53
Elevator arrives on floor 52
Elevator arrives on floor 51
Elevator arrives on floor 50
Person 24 got out of the elevator.
Elevator arrives on floor 49
Elevator arrives on floor 48
Person 30 wants to go from floor 31 to 68
Elevator arrives on floor 47
Elevator arrives on floor 46
Elevator arrives on floor 45
Elevator arrives on floor 44
Elevator arrives on floor 43
Person 22 got out of the elevator.
Elevator arrives on floor 44
Elevator arrives on floor 45
Elevator arrives on floor 46
Elevator arrives on floor 47
Elevator arrives on floor 48
Elevator arrives on floor 49
Elevator arrives on floor 50
Elevator arrives on floor 51
Elevator arrives on floor 52
Elevator arrives on floor 53
Elevator arrives on floor 54
Elevator arrives on floor 55
Elevator arrives on floor 56
Elevator arrives on floor 57
Elevator arrives on floor 58
Elevator arrives on floor 59
Elevator arrives on floor 60
Elevator arrives on floor 61
Elevator arrives on floor 62
Elevator arrives on floor 63
Person 31 wants to go from floor 64 to 55
Elevator arrives on floor 64
Elevator arrives on floor 65
Elevator arrives on floor 66
Elevator arrives on floor 67
Person 27 got out of the elevator.
Elevator arrives on floor 66
Elevator arrives on floor 65
Elevator arrives on floor 64
Elevator arrives on floor 63
Elevator arrives on floor 62
Elevator arrives on floor 61
Elevator arrives on floor 60
Elevator arrives on floor 59
Elevator arrives on floor 58
Elevator arrives on floor 57
Elevator arrives on floor 56
Elevator arrives on floor 55
Elevator arrives on floor 54
Elevator arrives on floor 53
Elevator arrives on floor 52
Elevator arrives on floor 51
Elevator arrives on floor 50
Elevator arrives on floor 49
Elevator arrives on floor 48
Elevator arrives on floor 47
Elevator arrives on floor 46
Person 32 wants to go from floor 69 to 71
Elevator arrives on floor 45
Elevator arrives on floor 44
Elevator arrives on floor 43
Elevator arrives on floor 42
Elevator arrives on floor 41
Elevator arrives on floor 40
Elevator arrives on floor 39
Elevator arrives on floor 38
Elevator arrives on floor 37
Elevator arrives on floor 36
Elevator arrives on floor 35
Elevator arrives on floor 34
Elevator arrives on floor 33
Elevator arrives on floor 32
Elevator arrives on floor 31
Elevator arrives on floor 30
Elevator arrives on floor 29
Elevator arrives on floor 28
Elevator arrives on floor 27
Elevator arrives on floor 26
Elevator arrives on floor 25
Elevator arrives on floor 24
Elevator arrives on floor 23
Elevator arrives on floor 22
Elevator arrives on floor 21
Person 33 wants to go from floor 5 to 85
Elevator arrives on floor 20
Elevator arrives on floor 19
Elevator arrives on floor 18
Elevator arrives on floor 17
Elevator arrives on floor 16
Elevator arrives on floor 15
Elevator arrives on floor 14
Elevator arrives on floor 13
Elevator arrives on floor 12
Person 25 got into the elevator.
Elevator arrives on floor 13
Elevator arrives on floor 14
Elevator arrives on floor 15
Elevator arrives on floor 16
Elevator arrives on floor 17
Person 25 got out of the elevator.
Elevator arrives on floor 16
Elevator arrives on floor 15
Elevator arrives on floor 14
Elevator arrives on floor 13
Elevator arrives on floor 12
Elevator arrives on floor 11
Elevator arrives on floor 10
Elevator arrives on floor 9
Elevator arrives on floor 8
Elevator arrives on floor 7
Elevator arrives on floor 6
Person 34 wants to go from floor 55 to 1
Elevator arrives on floor 5
Person 33 got into the elevator.
Elevator arrives on floor 6
Elevator arrives on floor 7
Elevator arrives on floor 8
Elevator arrives on floor 9
Elevator arrives on floor 10
Elevator arrives on floor 11
Elevator arrives on floor 12
Elevator arrives on floor 13
Elevator arrives on floor 14
Elevator arrives on floor 15
Elevator arrives on floor 16
Elevator arrives on floor 17
Elevator arrives on floor 18
Elevator arrives on floor 19
Elevator arrives on floor 20
Elevator arrives on floor 21
Elevator arrives on floor 22
Elevator arrives on floor 23
Elevator arrives on floor 24
Elevator arrives on floor 25
Elevator arrives on floor 26
Elevator arrives on floor 27
Elevator arrives on floor 28
Elevator arrives on floor 29
Person 35 wants to go from floor 79 to 26
Elevator arrives on floor 30
Elevator arrives on floor 31
Person 30 got into the elevator.
Elevator arrives on floor 32
Elevator arrives on floor 33
Elevator arrives on floor 34
Elevator arrives on floor 35
Elevator arrives on floor 36
Elevator arrives on floor 37
Elevator arrives on floor 38
Elevator arrives on floor 39
Elevator arrives on floor 40
Elevator arrives on floor 41
Elevator arrives on floor 42
Elevator arrives on floor 43
Elevator arrives on floor 44
Elevator arrives on floor 45
Elevator arrives on floor 46
Elevator arrives on floor 47
Elevator arrives on floor 48
Elevator arrives on floor 49
Elevator arrives on floor 50
Elevator arrives on floor 51
Elevator arrives on floor 52
Elevator arrives on floor 53
Elevator arrives on floor 54
Person 36 wants to go from floor 2 to 84
Elevator arrives on floor 55
Person 34 got into the elevator.
Elevator arrives on floor 56
Elevator arrives on floor 57
Elevator arrives on floor 58
Elevator arrives on floor 59
Elevator arrives on floor 60
Elevator arrives on floor 61
Elevator arrives on floor 62
Elevator arrives on floor 63
Elevator arrives on floor 64
Person 31 got into the elevator.
Elevator arrives on floor 65
Elevator arrives on floor 66
Elevator arrives on floor 67
Elevator arrives on floor 68
Elevator arrives on floor 69
Person 32 got into the elevator.
Elevator arrives on floor 70
Elevator arrives on floor 71
Elevator arrives on floor 72
Elevator arrives on floor 73
Elevator arrives on floor 74
Elevator arrives on floor 75
Elevator arrives on floor 76
Elevator arrives on floor 77
Elevator arrives on floor 78
Elevator arrives on floor 79
Person 37 wants to go from floor 4 to 74
Elevator arrives on floor 80
Elevator arrives on floor 81
Elevator arrives on floor 82
Elevator arrives on floor 83
Elevator arrives on floor 84
Elevator arrives on floor 85
Person 33 got out of the elevator.
Elevator arrives on floor 84
Elevator arrives on floor 83
Elevator arrives on floor 82
Elevator arrives on floor 81
Elevator arrives on floor 80
Elevator arrives on floor 79
Elevator arrives on floor 78
Elevator arrives on floor 77
Elevator arrives on floor 76
Elevator arrives on floor 75
Elevator arrives on floor 74
Elevator arrives on floor 73
Person 28 got into the elevator.
Elevator arrives on floor 72
Elevator arrives on floor 71
Person 32 got out of the elevator.
Person 28 got out of the elevator.
Elevator arrives on floor 70
Elevator arrives on floor 69
Elevator arrives on floor 68
Person 30 got out of the elevator.
Elevator arrives on floor 69
Elevator arrives on floor 70
Person 38 wants to go from floor 44 to 72
Elevator arrives on floor 71
Elevator arrives on floor 72
Elevator arrives on floor 73
Elevator arrives on floor 74
Elevator arrives on floor 75
Elevator arrives on floor 76
Elevator arrives on floor 77
Elevator arrives on floor 78
Elevator arrives on floor 79
Person 29 got into the elevator.
Person 35 got into the elevator.
Elevator arrives on floor 78
Elevator arrives on floor 77
Elevator arrives on floor 76
Elevator arrives on floor 75
Elevator arrives on floor 74
Elevator arrives on floor 73
Elevator arrives on floor 72
Elevator arrives on floor 71
Elevator arrives on floor 70
Elevator arrives on floor 69
Elevator arrives on floor 68
Elevator arrives on floor 67
Elevator arrives on floor 66
Elevator arrives on floor 65
Elevator arrives on floor 64
Elevator arrives on floor 63
Person 39 wants to go from floor 92 to 43
Elevator arrives on floor 62
Elevator arrives on floor 61
Elevator arrives on floor 60
Elevator arrives on floor 59
Elevator arrives on floor 58
Elevator arrives on floor 57
Elevator arrives on floor 56
Elevator arrives on floor 55
Person 31 got out of the elevator.
Elevator arrives on floor 54
Elevator arrives on floor 53
Elevator arrives on floor 52
Elevator arrives on floor 51
Elevator arrives on floor 50
Elevator arrives on floor 49
Elevator arrives on floor 48
Elevator arrives on floor 47
Elevator arrives on floor 46
Elevator arrives on floor 45
Elevator arrives on floor 44
Person 38 got into the elevator.
Elevator arrives on floor 45
Elevator arrives on floor 46
Elevator arrives on floor 47
Elevator arrives on floor 48
Elevator arrives on floor 49
Elevator arrives on floor 50
Elevator arrives on floor 51
Person 40 wants to go from floor 68 to 19
Elevator arrives on floor 52
Elevator arrives on floor 53
Elevator arrives on floor 54
Elevator arrives on floor 55
Elevator arrives on floor 56
Elevator arrives on floor 57
Elevator arrives on floor 58
Elevator arrives on floor 59
Elevator arrives on floor 60
Elevator arrives on floor 61
Elevator arrives on floor 62
Elevator arrives on floor 63
Elevator arrives on floor 64
Elevator arrives on floor 65
Elevator arrives on floor 66
Elevator arrives on floor 67
Elevator arrives on floor 68
Elevator arrives on floor 69
Elevator arrives on floor 70
Elevator arrives on floor 71
Elevator arrives on floor 72
Elevator arrives on floor 73
Elevator arrives on floor 74
Elevator arrives on floor 75
Person 41 wants to go from floor 34 to 70
Elevator arrives on floor 76
Elevator arrives on floor 77
Elevator arrives on floor 78
Person 29 got out of the elevator.
Elevator arrives on floor 77
Elevator arrives on floor 76
Elevator arrives on floor 75
Elevator arrives on floor 74
Elevator arrives on floor 73
Elevator arrives on floor 72
Person 38 got out of the elevator.
Elevator arrives on floor 71
Elevator arrives on floor 70
Elevator arrives on floor 69
Elevator arrives on floor 68
Elevator arrives on floor 67
Elevator arrives on floor 66
Elevator arrives on floor 65
Elevator arrives on floor 64
Elevator arrives on floor 63
Elevator arrives on floor 62
Elevator arrives on floor 61
Elevator arrives on floor 60
Elevator arrives on floor 59
Elevator arrives on floor 58
Elevator arrives on floor 57
Elevator arrives on floor 56
Person 42 wants to go from floor 37 to 100
Elevator arrives on floor 55
Elevator arrives on floor 54
Elevator arrives on floor 53
Elevator arrives on floor 52
Elevator arrives on floor 51
Elevator arrives on floor 50
Elevator arrives on floor 49
Elevator arrives on floor 48
Elevator arrives on floor 47
Elevator arrives on floor 46
Elevator arrives on floor 45
Elevator arrives on floor 44
Elevator arrives on floor 43
Elevator arrives on floor 42
Elevator arrives on floor 41
Elevator arrives on floor 40
Elevator arrives on floor 39
Elevator arrives on floor 38
Elevator arrives on floor 37
Elevator arrives on floor 36
Elevator arrives on floor 35
Elevator arrives on floor 34
Elevator arrives on floor 33
Elevator arrives on floor 32
Elevator arrives on floor 31
Person 43 wants to go from floor 87 to 6
Elevator arrives on floor 30
Elevator arrives on floor 29
Elevator arrives on floor 28
Elevator arrives on floor 27
Elevator arrives on floor 26
Person 35 got out of the elevator.
Elevator arrives on floor 25
Elevator arrives on floor 24
Elevator arrives on floor 23
Elevator arrives on floor 22
Elevator arrives on floor 21
Elevator arrives on floor 20
Elevator arrives on floor 19
Elevator arrives on floor 18
Elevator arrives on floor 17
Elevator arrives on floor 16
Elevator arrives on floor 15
Elevator arrives on floor 14
Elevator arrives on floor 13
Elevator arrives on floor 12
Elevator arrives on floor 11
Elevator arrives on floor 10
Elevator arrives on floor 9
Elevator arrives on floor 8
Elevator arrives on floor 7
Elevator arrives on floor 6
Person 44 wants to go from floor 30 to 45
Elevator arrives on floor 5
Elevator arrives on floor 4
Person 37 got into the elevator.
Elevator arrives on floor 3
Elevator arrives on floor 2
Person 36 got into the elevator.
Elevator arrives on floor 1
Person 34 got out of the elevator.
Elevator arrives on floor 2
Elevator arrives on floor 3
Elevator arrives on floor 4
Elevator arrives on floor 5
Elevator arrives on floor 6
Elevator arrives on floor 7
Elevator arrives on floor 8
Elevator arrives on floor 9
Elevator arrives on floor 10
Elevator arrives on floor 11
Elevator arrives on floor 12
Elevator arrives on floor 13
Elevator arrives on floor 14
Elevator arrives on floor 15
Elevator arrives on floor 16
Elevator arrives on floor 17
Elevator arrives on floor 18
Elevator arrives on floor 19
Elevator arrives on floor 20
Elevator arrives on floor 21
Person 45 wants to go from floor 58 to 53
Elevator arrives on floor 22
Elevator arrives on floor 23
Elevator arrives on floor 24
Elevator arrives on floor 25
Elevator arrives on floor 26
Elevator arrives on floor 27
Elevator arrives on floor 28
Elevator arrives on floor 29
Elevator arrives on floor 30
Person 44 got into the elevator.
Elevator arrives on floor 31
Elevator arrives on floor 32
Elevator arrives on floor 33
Elevator arrives on floor 34
Person 41 got into the elevator.
Elevator arrives on floor 35
Elevator arrives on floor 36
Elevator arrives on floor 37
Person 42 got into the elevator.
Elevator arrives on floor 38
Elevator arrives on floor 39
Elevator arrives on floor 40
Elevator arrives on floor 41
Elevator arrives on floor 42
Elevator arrives on floor 43
Elevator arrives on floor 44
Elevator arrives on floor 45
Elevator arrives on floor 46
Person 46 wants to go from floor 74 to 91
Elevator arrives on floor 47
Elevator arrives on floor 48
Elevator arrives on floor 49
Elevator arrives on floor 50
Elevator arrives on floor 51
Elevator arrives on floor 52
Elevator arrives on floor 53
Elevator arrives on floor 54
Elevator arrives on floor 55
Elevator arrives on floor 56
Elevator arrives on floor 57
Elevator arrives on floor 58
Elevator arrives on floor 59
Elevator arrives on floor 60
Elevator arrives on floor 61
Elevator arrives on floor 62
Elevator arrives on floor 63
Elevator arrives on floor 64
Elevator arrives on floor 65
Elevator arrives on floor 66
Elevator arrives on floor 67
Elevator arrives on floor 68
Elevator arrives on floor 69
Elevator arrives on floor 70
Elevator arrives on floor 71
Person 47 wants to go from floor 74 to 47
Elevator arrives on floor 72
Elevator arrives on floor 73
Elevator arrives on floor 74
Person 37 got out of the elevator.
Elevator arrives on floor 73
Elevator arrives on floor 72
Elevator arrives on floor 71
Elevator arrives on floor 70
Person 41 got out of the elevator.
Elevator arrives on floor 69
Elevator arrives on floor 68
Elevator arrives on floor 67
Elevator arrives on floor 66
Elevator arrives on floor 65
Elevator arrives on floor 64
Elevator arrives on floor 63
Elevator arrives on floor 62
Elevator arrives on floor 61
Elevator arrives on floor 60
Elevator arrives on floor 59
Elevator arrives on floor 58
Person 45 got into the elevator.
Elevator arrives on floor 59
Elevator arrives on floor 60
Elevator arrives on floor 61
Elevator arrives on floor 62
Elevator arrives on floor 63
Elevator arrives on floor 64
Person 48 wants to go from floor 4 to 40
Elevator arrives on floor 65
Elevator arrives on floor 66
Elevator arrives on floor 67
Elevator arrives on floor 68
Person 40 got into the elevator.
Elevator arrives on floor 69
Elevator arrives on floor 70
Elevator arrives on floor 71
Elevator arrives on floor 72
Elevator arrives on floor 73
Elevator arrives on floor 74
Elevator arrives on floor 75
Elevator arrives on floor 76
Elevator arrives on floor 77
Elevator arrives on floor 78
Elevator arrives on floor 79
Elevator arrives on floor 80
Elevator arrives on floor 81
Elevator arrives on floor 82
Elevator arrives on floor 83
Elevator arrives on floor 84
Person 36 got out of the elevator.
Elevator arrives on floor 83
Elevator arrives on floor 82
Elevator arrives on floor 81
Elevator arrives on floor 80
Elevator arrives on floor 79
Person 49 wants to go from floor 58 to 32
Elevator arrives on floor 78
Elevator arrives on floor 77
Elevator arrives on floor 76
Elevator arrives on floor 75
Elevator arrives on floor 74
Person 46 got into the elevator.
Elevator arrives on floor 75
Elevator arrives on floor 76
Elevator arrives on floor 77
Elevator arrives on floor 78
Elevator arrives on floor 79
Elevator arrives on floor 80
Elevator arrives on floor 81
Elevator arrives on floor 82
Elevator arrives on floor 83
Elevator arrives on floor 84
Elevator arrives on floor 85
Elevator arrives on floor 86
Elevator arrives on floor 87
Elevator arrives on floor 88
Elevator arrives on floor 89
Elevator arrives on floor 90
Elevator arrives on floor 91
Elevator arrives on floor 92
Elevator arrives on floor 93
Elevator arrives on floor 94
Person 50 wants to go from floor 49 to 43
Elevator arrives on floor 95
Elevator arrives on floor 96
Elevator arrives on floor 97
Elevator arrives on floor 98
Elevator arrives on floor 99
Elevator arrives on floor 100
Person 42 got out of the elevator.
Elevator arrives on floor 99
Elevator arrives on floor 98
Elevator arrives on floor 97
Elevator arrives on floor 96
Elevator arrives on floor 95
Elevator arrives on floor 94
Elevator arrives on floor 93
Elevator arrives on floor 92
Elevator arrives on floor 91
Person 46 got out of the elevator.
Elevator arrives on floor 90
Elevator arrives on floor 89
Elevator arrives on floor 88
Elevator arrives on floor 87
Elevator arrives on floor 86
Elevator arrives on floor 85
Elevator arrives on floor 84
Elevator arrives on floor 83
Elevator arrives on floor 82
Elevator arrives on floor 81
Elevator arrives on floor 80
Elevator arrives on floor 79
Elevator arrives on floor 78
Elevator arrives on floor 77
Elevator arrives on floor 76
Elevator arrives on floor 75
Elevator arrives on floor 74
Person 47 got into the elevator.
Elevator arrives on floor 75
Elevator arrives on floor 76
Elevator arrives on floor 77
Elevator arrives on floor 78
Elevator arrives on floor 79
Elevator arrives on floor 80
Elevator arrives on floor 81
Elevator arrives on floor 82
Elevator arrives on floor 83
Elevator arrives on floor 84
Elevator arrives on floor 85
Elevator arrives on floor 86
Elevator arrives on floor 87
Person 43 got into the elevator.
Elevator arrives on floor 86
Elevator arrives on floor 85
Elevator arrives on floor 84
Elevator arrives on floor 83
Elevator arrives on floor 82
Elevator arrives on floor 81
Elevator arrives on floor 80
Elevator arrives on floor 79
Elevator arrives on floor 78
Elevator arrives on floor 77
Elevator arrives on floor 76
Elevator arrives on floor 75
Elevator arrives on floor 74
Elevator arrives on floor 73
Elevator arrives on floor 72
Elevator arrives on floor 71
Elevator arrives on floor 70
Elevator arrives on floor 69
Elevator arrives on floor 68
Elevator arrives on floor 67
Elevator arrives on floor 66
Elevator arrives on floor 65
Elevator arrives on floor 64
Elevator arrives on floor 63
Elevator arrives on floor 62
Elevator arrives on floor 61
Elevator arrives on floor 60
Elevator arrives on floor 59
Elevator arrives on floor 58
Elevator arrives on floor 57
Elevator arrives on floor 56
Elevator arrives on floor 55
Elevator arrives on floor 54
Elevator arrives on floor 53
Person 45 got out of the elevator.
Elevator arrives on floor 52
Elevator arrives on floor 51
Elevator arrives on floor 50
Elevator arrives on floor 49
Elevator arrives on floor 48
Elevator arrives on floor 47
Person 47 got out of the elevator.
Elevator arrives on floor 46
Elevator arrives on floor 45
Person 44 got out of the elevator.
Elevator arrives on floor 44
Elevator arrives on floor 43
Elevator arrives on floor 42
Elevator arrives on floor 41
Elevator arrives on floor 40
Elevator arrives on floor 39
Elevator arrives on floor 38
Elevator arrives on floor 37
Elevator arrives on floor 36
Elevator arrives on floor 35
Elevator arrives on floor 34
Elevator arrives on floor 33
Elevator arrives on floor 32
Elevator arrives on floor 31
Elevator arrives on floor 30
Elevator arrives on floor 29
Elevator arrives on floor 28
Elevator arrives on floor 27
Elevator arrives on floor 26
Elevator arrives on floor 25
Elevator arrives on floor 24
Elevator arrives on floor 23
Elevator arrives on floor 22
Elevator arrives on floor 21
Elevator arrives on floor 20
Elevator arrives on floor 19
Person 40 got out of the elevator.
Elevator arrives on floor 18
Elevator arrives on floor 17
Elevator arrives on floor 16
Elevator arrives on floor 15
Elevator arrives on floor 14
Elevator arrives on floor 13
Elevator arrives on floor 12
Elevator arrives on floor 11
Elevator arrives on floor 10
Elevator arrives on floor 9
Elevator arrives on floor 8
Elevator arrives on floor 7
Elevator arrives on floor 6
Person 43 got out of the elevator.
Elevator arrives on floor 7
Elevator arrives on floor 8
Elevator arrives on floor 9
Elevator arrives on floor 10
Elevator arrives on floor 11
Elevator arrives on floor 12
Elevator arrives on floor 13
Elevator arrives on floor 14
Elevator arrives on floor 15
Elevator arrives on floor 16
Elevator arrives on floor 17
Elevator arrives on floor 18
Elevator arrives on floor 19
Elevator arrives on floor 20
Elevator arrives on floor 21
Elevator arrives on floor 22
Elevator arrives on floor 23
Elevator arrives on floor 24
Elevator arrives on floor 25
Elevator arrives on floor 26
Elevator arrives on floor 27
Elevator arrives on floor 28
Elevator arrives on floor 29
Elevator arrives on floor 30
Elevator arrives on floor 31
Elevator arrives on floor 32
Elevator arrives on floor 33
Elevator arrives on floor 34
Elevator arrives on floor 35
Elevator arrives on floor 36
Elevator arrives on floor 37
Elevator arrives on floor 38
Elevator arrives on floor 39
Elevator arrives on floor 40
Elevator arrives on floor 41
Elevator arrives on floor 42
Elevator arrives on floor 43
Elevator arrives on floor 44
Elevator arrives on floor 45
Elevator arrives on floor 46
Elevator arrives on floor 47
Elevator arrives on floor 48
Elevator arrives on floor 49
Elevator arrives on floor 50
Elevator arrives on floor 51
Elevator arrives on floor 52
Elevator arrives on floor 53
Elevator arrives on floor 54
Elevator arrives on floor 55
Elevator arrives on floor 56
Elevator arrives on floor 57
Elevator arrives on floor 58
Elevator arrives on floor 59
Elevator arrives on floor 60
Elevator arrives on floor 61
Elevator arrives on floor 62
Elevator arrives on floor 63
Elevator arrives on floor 64
Elevator arrives on floor 65
Elevator arrives on floor 66
Elevator arrives on floor 67
Elevator arrives on floor 68
Elevator arrives on floor 69
Elevator arrives on floor 70
Elevator arrives on floor 71
Elevator arrives on floor 72
Elevator arrives on floor 73
Elevator arrives on floor 74
Elevator arrives on floor 75
Elevator arrives on floor 76
Elevator arrives on floor 77
Elevator arrives on floor 78
Elevator arrives on floor 79
Elevator arrives on floor 80
Elevator arrives on floor 81
Elevator arrives on floor 82
Elevator arrives on floor 83
Elevator arrives on floor 84
Elevator arrives on floor 85
Elevator arrives on floor 86
Elevator arrives on floor 87
Elevator arrives on floor 88
Elevator arrives on floor 89
Elevator arrives on floor 90
Elevator arrives on floor 91
Elevator arrives on floor 92
Person 39 got into the elevator.
Elevator arrives on floor 91
Elevator arrives on floor 90
Elevator arrives on floor 89
Elevator arrives on floor 88
Elevator arrives on floor 87
Elevator arrives on floor 86
Elevator arrives on floor 85
Elevator arrives on floor 84
Elevator arrives on floor 83
Elevator arrives on floor 82
Elevator arrives on floor 81
Elevator arrives on floor 80
Elevator arrives on floor 79
Elevator arrives on floor 78
Elevator arrives on floor 77
Elevator arrives on floor 76
Elevator arrives on floor 75
Elevator arrives on floor 74
Elevator arrives on floor 73
Elevator arrives on floor 72
Elevator arrives on floor 71
Elevator arrives on floor 70
Elevator arrives on floor 69
Elevator arrives on floor 68
Elevator arrives on floor 67
Elevator arrives on floor 66
Elevator arrives on floor 65
Elevator arrives on floor 64
Elevator arrives on floor 63
Elevator arrives on floor 62
Elevator arrives on floor 61
Elevator arrives on floor 60
Elevator arrives on floor 59
Elevator arrives on floor 58
Person 49 got into the elevator.
Elevator arrives on floor 57
Elevator arrives on floor 56
Elevator arrives on floor 55
Elevator arrives on floor 54
Elevator arrives on floor 53
Elevator arrives on floor 52
Elevator arrives on floor 51
Elevator arrives on floor 50
Elevator arrives on floor 49
Person 50 got into the elevator.
Elevator arrives on floor 48
Elevator arrives on floor 47
Elevator arrives on floor 46
Elevator arrives on floor 45
Elevator arrives on floor 44
Elevator arrives on floor 43
Person 50 got out of the elevator.
Person 39 got out of the elevator.
Elevator arrives on floor 42
Elevator arrives on floor 41
Elevator arrives on floor 40
Elevator arrives on floor 39
Elevator arrives on floor 38
Elevator arrives on floor 37
Elevator arrives on floor 36
Elevator arrives on floor 35
Elevator arrives on floor 34
Elevator arrives on floor 33
Elevator arrives on floor 32
Person 49 got out of the elevator.
Elevator arrives on floor 31
Elevator arrives on floor 30
Elevator arrives on floor 29
Elevator arrives on floor 28
Elevator arrives on floor 27
Elevator arrives on floor 26
Elevator arrives on floor 25
Elevator arrives on floor 24
Elevator arrives on floor 23
Elevator arrives on floor 22
Elevator arrives on floor 21
Elevator arrives on floor 20
Elevator arrives on floor 19
Elevator arrives on floor 18
Elevator arrives on floor 17
Elevator arrives on floor 16
Elevator arrives on floor 15
Elevator arrives on floor 14
Elevator arrives on floor 13
Elevator arrives on floor 12
Elevator arrives on floor 11
Elevator arrives on floor 10
Elevator arrives on floor 9
Elevator arrives on floor 8
Elevator arrives on floor 7
Elevator arrives on floor 6
Elevator arrives on floor 5
Elevator arrives on floor 4
Person 48 got into the elevator.
Elevator arrives on floor 5
Elevator arrives on floor 6
Elevator arrives on floor 7
Elevator arrives on floor 8
Elevator arrives on floor 9
Elevator arrives on floor 10
Elevator arrives on floor 11
Elevator arrives on floor 12
Elevator arrives on floor 13
Elevator arrives on floor 14
Elevator arrives on floor 15
Elevator arrives on floor 16
Elevator arrives on floor 17
Elevator arrives on floor 18
Elevator arrives on floor 19
Elevator arrives on floor 20
Elevator arrives on floor 21
Elevator arrives on floor 22
Elevator arrives on floor 23
Elevator arrives on floor 24
Elevator arrives on floor 25
Elevator arrives on floor 26
Elevator arrives on floor 27
Elevator arrives on floor 28
Elevator arrives on floor 29
Elevator arrives on floor 30
Elevator arrives on floor 31
Elevator arrives on floor 32
Elevator arrives on floor 33
Elevator arrives on floor 34
Elevator arrives on floor 35
Elevator arrives on floor 36
Elevator arrives on floor 37
Elevator arrives on floor 38
Elevator arrives on floor 39
Elevator arrives on floor 40
Person 48 got out of the elevator.
Elevator arrives on floor 41
Elevator arrives on floor 42
Elevator arrives on floor 43
Elevator arrives on floor 44
Elevator arrives on floor 45
Elevator arrives on floor 46
Elevator arrives on floor 47
Elevator arrives on floor 48
Elevator arrives on floor 49
Elevator arrives on floor 50
