Elevator with 2 floors was created!
elevatorDelay: 1
Elevator arrives on floor 1
Person 1 wants to go from floor 2 to 1
Elevator arrives on floor 2
Person 1 got into the elevator.
Elevator arrives on floor 1
Person 1 got out of the elevator.
Person 2 wants to go from floor 2 to 1
Elevator arrives on floor 2
Person 2 got into the elevator.
Elevator arrives on floor 1
Person 2 got out of the elevator.
Person 3 wants to go from floor 1 to 2
Person 3 got into the elevator.
Elevator arrives on floor 2
Person 3 got out of the elevator.
Elevator arrives on floor 1
Person 4 wants to go from floor 2 to 1
Elevator arrives on floor 2
Person 4 got into the elevator.
Elevator arrives on floor 1
Person 4 got out of the elevator.
Person 5 wants to go from floor 2 to 1
Elevator arrives on floor 2
Person 5 got into the elevator.
Elevator arrives on floor 1
Person 5 got out of the elevator.
Person 6 wants to go from floor 2 to 1
Elevator arrives on floor 2
Person 6 got into the elevator.
Elevator arrives on floor 1
Person 6 got out of the elevator.
Person 7 wants to go from floor 1 to 2
Person 7 got into the elevator.
Elevator arrives on floor 2
Person 7 got out of the elevator.
Elevator arrives on floor 1
Person 8 wants to go from floor 1 to 2
Person 8 got into the elevator.
Elevator arrives on floor 2
Person 8 got out of the elevator.
Elevator arrives on floor 1
Person 9 wants to go from floor 2 to 1
Elevator arrives on floor 2
Person 9 got into the elevator.
Elevator arrives on floor 1
Person 9 got out of the elevator.
Person 10 wants to go from floor 1 to 2
Person 10 got into the elevator.
Elevator arrives on floor 2
Person 10 got out of the elevator.
Elevator arrives on floor 1
Person 11 wants to go from floor 2 to 1
Elevator arrives on floor 2
Person 11 got into the elevator.
Elevator arrives on floor 1
Person 11 got out of the elevator.
Person 12 wants to go from floor 1 to 2
Person 12 got into the elevator.
Elevator arrives on floor 2
Person 12 got out of the elevator.
Elevator arrives on floor 1
Person 13 wants to go from floor 2 to 1
Elevator arrives on floor 2
Person 13 got into the elevator.
Elevator arrives on floor 1
Person 13 got out of the elevator.
Person 14 wants to go from floor 2 to 1
Elevator arrives on floor 2
Person 14 got into the elevator.
Elevator arrives on floor 1
Person 14 got out of the elevator.
Person 15 wants to go from floor 2 to 1
Elevator arrives on floor 2
Person 15 got into the elevator.
Elevator arrives on floor 1
Person 15 got out of the elevator.
Person 16 wants to go from floor 2 to 1
Elevator arrives on floor 2
Person 16 got into the elevator.
Elevator arrives on floor 1
Person 16 got out of the elevator.
Person 17 wants to go from floor 1 to 2
Person 17 got into the elevator.
Elevator arrives on floor 2
Person 17 got out of the elevator.
Elevator arrives on floor 1
Person 18 wants to go from floor 1 to 2
Person 18 got into the elevator.
Elevator arrives on floor 2
Person 18 got out of the elevator.
Elevator arrives on floor 1
Person 19 wants to go from floor 1 to 2
Person 19 got into the elevator.
Elevator arrives on floor 2
Person 19 got out of the elevator.
Elevator arrives on floor 1
Person 20 wants to go from floor 1 to 2
Person 20 got into the elevator.
Elevator arrives on floor 2
Person 20 got out of the elevator.
Elevator arrives on floor 1
Person 21 wants to go from floor 1 to 2
Person 21 got into the elevator.
Elevator arrives on floor 2
Person 21 got out of the elevator.
Elevator arrives on floor 1
Person 22 wants to go from floor 2 to 1
Elevator arrives on floor 2
Person 22 got into the elevator.
Elevator arrives on floor 1
Person 22 got out of the elevator.
Person 23 wants to go from floor 2 to 1
Elevator arrives on floor 2
Person 23 got into the elevator.
Elevator arrives on floor 1
Person 23 got out of the elevator.
Person 24 wants to go from floor 2 to 1
Elevator arrives on floor 2
Person 24 got into the elevator.
Elevator arrives on floor 1
Person 24 got out of the elevator.
Person 25 wants to go from floor 2 to 1
Elevator arrives on floor 2
Person 25 got into the elevator.
Elevator arrives on floor 1
Person 25 got out of the elevator.
Person 26 wants to go from floor 2 to 1
Elevator arrives on floor 2
Person 26 got into the elevator.
Elevator arrives on floor 1
Person 26 got out of the elevator.
Person 27 wants to go from floor 2 to 1
Elevator arrives on floor 2
Person 27 got into the elevator.
Elevator arrives on floor 1
Person 27 got out of the elevator.
Person 28 wants to go from floor 2 to 1
Elevator arrives on floor 2
Person 28 got into the elevator.
Elevator arrives on floor 1
Person 28 got out of the elevator.
Person 29 wants to go from floor 1 to 2
Person 29 got into the elevator.
Elevator arrives on floor 2
Person 29 got out of the elevator.
Elevator arrives on floor 1
Person 30 wants to go from floor 1 to 2
Person 30 got into the elevator.
Elevator arrives on floor 2
Person 30 got out of the elevator.
Elevator arrives on floor 1
Person 31 wants to go from floor 1 to 2
Person 31 got into the elevator.
Elevator arrives on floor 2
Person 31 got out of the elevator.
Elevator arrives on floor 1
Person 32 wants to go from floor 2 to 1
Elevator arrives on floor 2
Person 32 got into the elevator.
Elevator arrives on floor 1
Person 32 got out of the elevator.
Person 33 wants to go from floor 2 to 1
Elevator arrives on floor 2
Person 33 got into the elevator.
Elevator arrives on floor 1
Person 33 got out of the elevator.
Person 34 wants to go from floor 1 to 2
Person 34 got into the elevator.
Elevator arrives on floor 2
Person 34 got out of the elevator.
Elevator arrives on floor 1
Person 35 wants to go from floor 1 to 2
Person 35 got into the elevator.
Elevator arrives on floor 2
Person 35 got out of the elevator.
Elevator arrives on floor 1
Person 36 wants to go from floor 2 to 1
Elevator arrives on floor 2
Person 36 got into the elevator.
Elevator arrives on floor 1
Person 36 got out of the elevator.
Person 37 wants to go from floor 1 to 2
Person 37 got into the elevator.
Elevator arrives on floor 2
Person 37 got out of the elevator.
Elevator arrives on floor 1
Person 38 wants to go from floor 2 to 1
Elevator arrives on floor 2
Person 38 got into the elevator.
Elevator arrives on floor 1
Person 38 got out of the elevator.
Person 39 wants to go from floor 2 to 1
Elevator arrives on floor 2
Person 39 got into the elevator.
Elevator arrives on floor 1
Person 39 got out of the elevator.
Person 40 wants to go from floor 1 to 2
Person 40 got into the elevator.
Elevator arrives on floor 2
Person 40 got out of the elevator.
Elevator arrives on floor 1
Person 41 wants to go from floor 1 to 2
Person 41 got into the elevator.
Elevator arrives on floor 2
Person 41 got out of the elevator.
Elevator arrives on floor 1
Person 42 wants to go from floor 2 to 1
Elevator arrives on floor 2
Person 42 got into the elevator.
Elevator arrives on floor 1
Person 42 got out of the elevator.
Person 43 wants to go from floor 2 to 1
Elevator arrives on floor 2
Person 43 got into the elevator.
Elevator arrives on floor 1
Person 43 got out of the elevator.
Person 44 wants to go from floor 2 to 1
Elevator arrives on floor 2
Person 44 got into the elevator.
Elevator arrives on floor 1
Person 44 got out of the elevator.
Person 45 wants to go from floor 2 to 1
Elevator arrives on floor 2
Person 45 got into the elevator.
Elevator arrives on floor 1
Person 45 got out of the elevator.
Person 46 wants to go from floor 2 to 1
Elevator arrives on floor 2
Person 46 got into the elevator.
Elevator arrives on floor 1
Person 46 got out of the elevator.
Person 47 wants to go from floor 2 to 1
Elevator arrives on floor 2
Person 47 got into the elevator.
Elevator arrives on floor 1
Person 47 got out of the elevator.
Person 48 wants to go from floor 1 to 2
Person 48 got into the elevator.
Elevator arrives on floor 2
Person 48 got out of the elevator.
Elevator arrives on floor 1
Person 49 wants to go from floor 1 to 2
Person 49 got into the elevator.
Elevator arrives on floor 2
Person 49 got out of the elevator.
Elevator arrives on floor 1
Person 50 wants to go from floor 2 to 1
Elevator arrives on floor 2
Person 50 got into the elevator.
Elevator arrives on floor 1
Person 50 got out of the elevator.
Person 51 wants to go from floor 1 to 2
Person 51 got into the elevator.
Elevator arrives on floor 2
Person 51 got out of the elevator.
Elevator arrives on floor 1
Person 52 wants to go from floor 1 to 2
Person 52 got into the elevator.
Elevator arrives on floor 2
Person 52 got out of the elevator.
Elevator arrives on floor 1
Person 53 wants to go from floor 1 to 2
Person 53 got into the elevator.
Elevator arrives on floor 2
Person 53 got out of the elevator.
Elevator arrives on floor 1
Person 54 wants to go from floor 1 to 2
Person 54 got into the elevator.
Elevator arrives on floor 2
Person 54 got out of the elevator.
Elevator arrives on floor 1
Person 55 wants to go from floor 1 to 2
Person 55 got into the elevator.
Elevator arrives on floor 2
Person 55 got out of the elevator.
Elevator arrives on floor 1
Person 56 wants to go from floor 2 to 1
Elevator arrives on floor 2
Person 56 got into the elevator.
Elevator arrives on floor 1
Person 56 got out of the elevator.
Person 57 wants to go from floor 1 to 2
Person 57 got into the elevator.
Elevator arrives on floor 2
Person 57 got out of the elevator.
Elevator arrives on floor 1
Person 58 wants to go from floor 1 to 2
Person 58 got into the elevator.
Elevator arrives on floor 2
Person 58 got out of the elevator.
Elevator arrives on floor 1
Person 59 wants to go from floor 1 to 2
Person 59 got into the elevator.
Elevator arrives on floor 2
Person 59 got out of the elevator.
Elevator arrives on floor 1
Person 60 wants to go from floor 1 to 2
Person 60 got into the elevator.
Elevator arrives on floor 2
Person 60 got out of the elevator.
Elevator arrives on floor 1
Person 61 wants to go from floor 2 to 1
Elevator arrives on floor 2
Person 61 got into the elevator.
Elevator arrives on floor 1
Person 61 got out of the elevator.
Person 62 wants to go from floor 1 to 2
Person 62 got into the elevator.
Elevator arrives on floor 2
Person 62 got out of the elevator.
Elevator arrives on floor 1
Person 63 wants to go from floor 2 to 1
Elevator arrives on floor 2
Person 63 got into the elevator.
Elevator arrives on floor 1
Person 63 got out of the elevator.
Person 64 wants to go from floor 2 to 1
Elevator arrives on floor 2
Person 64 got into the elevator.
Elevator arrives on floor 1
Person 64 got out of the elevator.
Person 65 wants to go from floor 2 to 1
Elevator arrives on floor 2
Person 65 got into the elevator.
Elevator arrives on floor 1
Person 65 got out of the elevator.
Person 66 wants to go from floor 2 to 1
Elevator arrives on floor 2
Person 66 got into the elevator.
Elevator arrives on floor 1
Person 66 got out of the elevator.
Person 67 wants to go from floor 1 to 2
Person 67 got into the elevator.
Elevator arrives on floor 2
Person 67 got out of the elevator.
Elevator arrives on floor 1
Person 68 wants to go from floor 2 to 1
Elevator arrives on floor 2
Person 68 got into the elevator.
Elevator arrives on floor 1
Person 68 got out of the elevator.
Person 69 wants to go from floor 2 to 1
Elevator arrives on floor 2
Person 69 got into the elevator.
Elevator arrives on floor 1
Person 69 got out of the elevator.
Person 70 wants to go from floor 1 to 2
Person 70 got into the elevator.
Elevator arrives on floor 2
Person 70 got out of the elevator.
Elevator arrives on floor 1
Person 71 wants to go from floor 2 to 1
Elevator arrives on floor 2
Person 71 got into the elevator.
Elevator arrives on floor 1
Person 71 got out of the elevator.
Person 72 wants to go from floor 1 to 2
Person 72 got into the elevator.
Elevator arrives on floor 2
Person 72 got out of the elevator.
Elevator arrives on floor 1
Person 73 wants to go from floor 2 to 1
Elevator arrives on floor 2
Person 73 got into the elevator.
Elevator arrives on floor 1
Person 73 got out of the elevator.
Person 74 wants to go from floor 1 to 2
Person 74 got into the elevator.
Elevator arrives on floor 2
Person 74 got out of the elevator.
Elevator arrives on floor 1
Person 75 wants to go from floor 1 to 2
Person 75 got into the elevator.
Elevator arrives on floor 2
Person 75 got out of the elevator.
Elevator arrives on floor 1
Person 76 wants to go from floor 1 to 2
Person 76 got into the elevator.
Elevator arrives on floor 2
Person 76 got out of the elevator.
Elevator arrives on floor 1
Person 77 wants to go from floor 1 to 2
Person 77 got into the elevator.
Elevator arrives on floor 2
Person 77 got out of the elevator.
Elevator arrives on floor 1
Person 78 wants to go from floor 1 to 2
Person 78 got into the elevator.
Elevator arrives on floor 2
Person 78 got out of the elevator.
Elevator arrives on floor 1
Person 79 wants to go from floor 2 to 1
Elevator arrives on floor 2
Person 79 got into the elevator.
Elevator arrives on floor 1
Person 79 got out of the elevator.
Person 80 wants to go from floor 1 to 2
Person 80 got into the elevator.
Elevator arrives on floor 2
Person 80 got out of the elevator.
Elevator arrives on floor 1
