Elevator with 20 floors was created!
elevatorDelay: 100000
Elevator arrives on floor 2
Person 1 wants to go from floor 15 to 13
Elevator arrives on floor 3
Elevator arrives on floor 4
Elevator arrives on floor 5
Elevator arrives on floor 6
Elevator arrives on floor 7
Person 2 wants to go from floor 14 to 1
Elevator arrives on floor 8
Elevator arrives on floor 9
Elevator arrives on floor 10
Elevator arrives on floor 11
Person 3 wants to go from floor 20 to 11
Elevator arrives on floor 12
Elevator arrives on floor 13
Elevator arrives on floor 14
Elevator arrives on floor 15
Person 1 got into the elevator.
Elevator arrives on floor 14
Person 2 got into the elevator.
Person 4 wants to go from floor 19 to 17
Elevator arrives on floor 13
Person 1 got out of the elevator.
Elevator arrives on floor 14
Elevator arrives on floor 15
Elevator arrives on floor 16
Elevator arrives on floor 17
Person 5 wants to go from floor 13 to 19
Elevator arrives on floor 18
Elevator arrives on floor 19
Elevator arrives on floor 20
Person 3 got into the elevator.
Elevator arrives on floor 19
Person 4 got into the elevator.
Elevator arrives on floor 18
Person 6 wants to go from floor 6 to 3
Elevator arrives on floor 17
Elevator arrives on floor 16
Elevator arrives on floor 15
Elevator arrives on floor 14
Elevator arrives on floor 13
Person 5 got into the elevator.
Person 7 wants to go from floor 7 to 11
Elevator arrives on floor 12
Elevator arrives on floor 11
Elevator arrives on floor 10
Elevator arrives on floor 9
Elevator arrives on floor 8
Person 8 wants to go from floor 5 to 8
Elevator arrives on floor 7
Elevator arrives on floor 6
Person 6 got into the elevator.
Elevator arrives on floor 5
Elevator arrives on floor 4
Elevator arrives on floor 3
Person 9 wants to go from floor 15 to 20
Elevator arrives on floor 2
Elevator arrives on floor 1
Person 2 got out of the elevator.
Elevator arrives on floor 2
Elevator arrives on floor 3
Person 6 got out of the elevator.
Elevator arrives on floor 4
Person 10 wants to go from floor 10 to 1
Elevator arrives on floor 5
Elevator arrives on floor 6
Elevator arrives on floor 7
Person 7 got into the elevator.
Elevator arrives on floor 6
Elevator arrives on floor 5
Person 8 got into the elevator.
Elevator arrives on floor 6
Person 11 wants to go from floor 3 to 18
Elevator arrives on floor 7
Elevator arrives on floor 8
Elevator arrives on floor 9
Elevator arrives on floor 10
Elevator arrives on floor 11
Person 3 got out of the elevator.
Person 7 got out of the elevator.
Person 12 wants to go from floor 19 to 4
Elevator arrives on floor 10
Person 10 got into the elevator.
Elevator arrives on floor 9
Elevator arrives on floor 8
Person 8 got out of the elevator.
Elevator arrives on floor 7
Elevator arrives on floor 6
Person 13 wants to go from floor 3 to 1
Elevator arrives on floor 5
Elevator arrives on floor 4
Elevator arrives on floor 3
Elevator arrives on floor 2
Elevator arrives on floor 1
Person 10 got out of the elevator.
Person 14 wants to go from floor 17 to 9
Elevator arrives on floor 2
Elevator arrives on floor 3
Elevator arrives on floor 4
Elevator arrives on floor 5
Elevator arrives on floor 6
Person 15 wants to go from floor 1 to 5
Elevator arrives on floor 7
Elevator arrives on floor 8
Elevator arrives on floor 9
Elevator arrives on floor 10
Elevator arrives on floor 11
Person 16 wants to go from floor 3 to 12
Elevator arrives on floor 12
Elevator arrives on floor 13
Elevator arrives on floor 14
Elevator arrives on floor 15
Person 9 got into the elevator.
Elevator arrives on floor 16
Person 17 wants to go from floor 8 to 5
Elevator arrives on floor 17
Person 4 got out of the elevator.
Person 14 got into the elevator.
Elevator arrives on floor 18
Elevator arrives on floor 19
Person 5 got out of the elevator.
Person 12 got into the elevator.
Person 18 wants to go from floor 17 to 10
Elevator arrives on floor 20
Person 9 got out of the elevator.
Elevator arrives on floor 19
Elevator arrives on floor 18
Elevator arrives on floor 17
Person 18 got into the elevator.
Elevator arrives on floor 16
Person 19 wants to go from floor 3 to 19
Elevator arrives on floor 15
Elevator arrives on floor 14
Elevator arrives on floor 13
Elevator arrives on floor 12
Elevator arrives on floor 11
Person 20 wants to go from floor 4 to 20
Elevator arrives on floor 10
Elevator arrives on floor 9
Person 14 got out of the elevator.
Elevator arrives on floor 10
Person 18 got out of the elevator.
Elevator arrives on floor 9
Elevator arrives on floor 8
Person 17 got into the elevator.
Person 21 wants to go from floor 11 to 18
Elevator arrives on floor 9
Elevator arrives on floor 10
Elevator arrives on floor 11
Person 21 got into the elevator.
Elevator arrives on floor 10
Elevator arrives on floor 9
Person 22 wants to go from floor 14 to 10
Elevator arrives on floor 8
Elevator arrives on floor 7
Elevator arrives on floor 6
Elevator arrives on floor 5
Elevator arrives on floor 4
Person 12 got out of the elevator.
Person 23 wants to go from floor 19 to 8
Person 20 got into the elevator.
Elevator arrives on floor 5
Person 17 got out of the elevator.
Elevator arrives on floor 4
Elevator arrives on floor 3
Person 11 got into the elevator.
Person 13 got into the elevator.
Person 16 got into the elevator.
Elevator arrives on floor 4
Person 24 wants to go from floor 4 to 11
Elevator arrives on floor 5
Elevator arrives on floor 6
Elevator arrives on floor 7
Elevator arrives on floor 8
Elevator arrives on floor 9
Person 25 wants to go from floor 12 to 1
Elevator arrives on floor 10
Elevator arrives on floor 11
Elevator arrives on floor 12
Elevator arrives on floor 13
Elevator arrives on floor 14
Person 26 wants to go from floor 7 to 17
Elevator arrives on floor 15
Elevator arrives on floor 16
Elevator arrives on floor 17
Elevator arrives on floor 18
Person 21 got out of the elevator.
Person 11 got out of the elevator.
Elevator arrives on floor 19
Person 27 wants to go from floor 19 to 4
Elevator arrives on floor 20
Person 20 got out of the elevator.
Elevator arrives on floor 19
Elevator arrives on floor 18
Elevator arrives on floor 17
Elevator arrives on floor 16
Person 28 wants to go from floor 6 to 2
Elevator arrives on floor 15
Elevator arrives on floor 14
Elevator arrives on floor 13
Elevator arrives on floor 12
Person 16 got out of the elevator.
Elevator arrives on floor 11
Person 29 wants to go from floor 2 to 5
Elevator arrives on floor 10
Elevator arrives on floor 9
Elevator arrives on floor 8
Elevator arrives on floor 7
Elevator arrives on floor 6
Person 30 wants to go from floor 19 to 12
Elevator arrives on floor 5
Elevator arrives on floor 4
Elevator arrives on floor 3
Person 19 got into the elevator.
Elevator arrives on floor 4
Person 24 got into the elevator.
Elevator arrives on floor 5
Person 31 wants to go from floor 10 to 6
Elevator arrives on floor 6
Person 28 got into the elevator.
Elevator arrives on floor 7
Person 26 got into the elevator.
Elevator arrives on floor 6
Elevator arrives on floor 5
Elevator arrives on floor 4
Person 32 wants to go from floor 16 to 18
Elevator arrives on floor 3
Elevator arrives on floor 2
Elevator arrives on floor 1
Person 13 got out of the elevator.
Elevator arrives on floor 2
Person 28 got out of the elevator.
Elevator arrives on floor 3
Person 33 wants to go from floor 13 to 2
Elevator arrives on floor 4
Elevator arrives on floor 5
Elevator arrives on floor 6
Elevator arrives on floor 7
Elevator arrives on floor 8
Person 34 wants to go from floor 6 to 7
Elevator arrives on floor 9
Elevator arrives on floor 10
Person 31 got into the elevator.
Elevator arrives on floor 11
Person 24 got out of the elevator.
Elevator arrives on floor 12
Person 25 got into the elevator.
Elevator arrives on floor 13
Person 33 got into the elevator.
Person 35 wants to go from floor 16 to 13
Elevator arrives on floor 12
Elevator arrives on floor 11
Elevator arrives on floor 10
Elevator arrives on floor 9
Elevator arrives on floor 8
Person 36 wants to go from floor 12 to 15
Elevator arrives on floor 7
Elevator arrives on floor 6
Person 31 got out of the elevator.
Elevator arrives on floor 5
Elevator arrives on floor 4
Elevator arrives on floor 3
Person 37 wants to go from floor 18 to 19
Elevator arrives on floor 2
Person 33 got out of the elevator.
Elevator arrives on floor 1
Person 25 got out of the elevator.
Elevator arrives on floor 2
Elevator arrives on floor 3
Elevator arrives on floor 4
Person 38 wants to go from floor 16 to 20
Elevator arrives on floor 5
Elevator arrives on floor 6
Elevator arrives on floor 7
Elevator arrives on floor 8
Elevator arrives on floor 9
Person 39 wants to go from floor 4 to 16
Elevator arrives on floor 10
Elevator arrives on floor 11
Elevator arrives on floor 12
Elevator arrives on floor 13
Elevator arrives on floor 14
Person 22 got into the elevator.
Person 40 wants to go from floor 1 to 11
Elevator arrives on floor 15
Elevator arrives on floor 16
Person 32 got into the elevator.
Person 35 got into the elevator.
Elevator arrives on floor 17
Person 26 got out of the elevator.
Elevator arrives on floor 18
Person 32 got out of the elevator.
Elevator arrives on floor 19
Person 19 got out of the elevator.
Elevator arrives on floor 18
Elevator arrives on floor 17
Elevator arrives on floor 16
Person 38 got into the elevator.
Elevator arrives on floor 17
Elevator arrives on floor 18
Person 37 got into the elevator.
Elevator arrives on floor 19
Person 23 got into the elevator.
Elevator arrives on floor 18
Elevator arrives on floor 17
Elevator arrives on floor 16
Elevator arrives on floor 15
Elevator arrives on floor 14
Elevator arrives on floor 13
Person 35 got out of the elevator.
Elevator arrives on floor 12
Elevator arrives on floor 11
Elevator arrives on floor 10
Person 22 got out of the elevator.
Elevator arrives on floor 9
Elevator arrives on floor 8
Person 23 got out of the elevator.
Elevator arrives on floor 9
Elevator arrives on floor 10
Elevator arrives on floor 11
Elevator arrives on floor 12
Elevator arrives on floor 13
Elevator arrives on floor 14
Elevator arrives on floor 15
Elevator arrives on floor 16
Elevator arrives on floor 17
Elevator arrives on floor 18
Elevator arrives on floor 19
Person 37 got out of the elevator.
Person 27 got into the elevator.
Person 30 got into the elevator.
Elevator arrives on floor 20
Person 38 got out of the elevator.
Elevator arrives on floor 19
Elevator arrives on floor 18
Elevator arrives on floor 17
Elevator arrives on floor 16
Elevator arrives on floor 15
Elevator arrives on floor 14
Elevator arrives on floor 13
Elevator arrives on floor 12
Person 30 got out of the elevator.
Person 36 got into the elevator.
Elevator arrives on floor 11
Elevator arrives on floor 10
Elevator arrives on floor 9
Elevator arrives on floor 8
Elevator arrives on floor 7
Elevator arrives on floor 6
Person 34 got into the elevator.
Elevator arrives on floor 5
Elevator arrives on floor 4
Person 27 got out of the elevator.
Person 39 got into the elevator.
Elevator arrives on floor 3
Elevator arrives on floor 2
Person 29 got into the elevator.
Elevator arrives on floor 1
Person 15 got into the elevator.
Elevator arrives on floor 2
Elevator arrives on floor 3
Elevator arrives on floor 4
Elevator arrives on floor 5
Elevator arrives on floor 6
Elevator arrives on floor 7
Person 34 got out of the elevator.
Elevator arrives on floor 6
Elevator arrives on floor 5
Person 29 got out of the elevator.
Person 15 got out of the elevator.
Elevator arrives on floor 4
Elevator arrives on floor 3
Elevator arrives on floor 2
Elevator arrives on floor 1
Person 40 got into the elevator.
Elevator arrives on floor 2
Elevator arrives on floor 3
Elevator arrives on floor 4
Elevator arrives on floor 5
Elevator arrives on floor 6
Elevator arrives on floor 7
Elevator arrives on floor 8
Elevator arrives on floor 9
Elevator arrives on floor 10
Elevator arrives on floor 11
Elevator arrives on floor 12
Elevator arrives on floor 13
Elevator arrives on floor 14
Elevator arrives on floor 15
Person 36 got out of the elevator.
Elevator arrives on floor 16
Person 39 got out of the elevator.
Elevator arrives on floor 15
Elevator arrives on floor 14
Elevator arrives on floor 13
Elevator arrives on floor 12
Elevator arrives on floor 11
Person 40 got out of the elevator.
Elevator arrives on floor 10
