Loaded Program: [400] code | [16] data | [0] bss
System Call: [0] invoked Fork.
Process [1] Fork: start at address [0xe0] with [12] pages memory
Syscall Call: [1] invoked Exec.
Loaded Program: [368] code | [0] data | [512] bss
Exec Program: [1] loading [../test/memory]
System Call: [1] invoked [Exit]
Process [1] exits with [0]
System Call: [0] invoked Yield.
System Call: [0] invoked Fork.
Process [1] Fork: start at address [0xe0] with [12] pages memory
Syscall Call: [1] invoked Exec.
Loaded Program: [368] code | [0] data | [512] bss
Exec Program: [1] loading [../test/memory]
System Call: [1] invoked [Exit]
Process [1] exits with [0]
System Call: [0] invoked Yield.
System Call: [0] invoked Fork.
Process [1] Fork: start at address [0xe0] with [12] pages memory
Syscall Call: [1] invoked Exec.
Loaded Program: [368] code | [0] data | [512] bss
Exec Program: [1] loading [../test/memory]
System Call: [1] invoked [Exit]
Process [1] exits with [0]
System Call: [0] invoked Yield.
System Call: [0] invoked Fork.
Process [1] Fork: start at address [0xe0] with [12] pages memory
Syscall Call: [1] invoked Exec.
Loaded Program: [368] code | [0] data | [512] bss
Exec Program: [1] loading [../test/memory]
System Call: [1] invoked [Exit]
Process [1] exits with [0]
System Call: [0] invoked Yield.
System Call: [0] invoked Fork.
Process [1] Fork: start at address [0xe0] with [12] pages memory
Syscall Call: [1] invoked Exec.
Loaded Program: [368] code | [0] data | [512] bss
Exec Program: [1] loading [../test/memory]
System Call: [1] invoked [Exit]
Process [1] exits with [0]
System Call: [0] invoked Yield.
System Call: [0] invoked [Exit]
Process [0] exits with [0]
No threads ready or runnable, and no pending interrupts.
Assuming the program completed.
Machine halting!

Ticks: total 1116, idle 0, system 920, user 196
Disk I/O: reads 0, writes 0
Console I/O: reads 0, writes 0
Paging: faults 0
Network I/O: packets received 0, sent 0

Cleaning up...
